# JRE version: Java(TM) SE Runtime Environment (7.0_71-b14) (build 1.7.0_71-b14)
# Java VM: Java HotSpot(TM) 64-Bit Server VM (24.71-b01 mixed mode bsd-amd64 compressed oops)
Heap
 PSYoungGen      total 76800K, used 26930K [0x00000007aaa80000, 0x00000007b4080000, 0x0000000800000000)
  eden space 66048K, 27% used [0x00000007aaa80000,0x00000007abc44b98,0x00000007aeb00000)
  from space 10752K, 81% used [0x00000007af580000,0x00000007afe07e18,0x00000007b0000000)
  to   space 10752K, 0% used [0x00000007aeb00000,0x00000007aeb00000,0x00000007af580000)
 ParOldGen       total 174592K, used 80K [0x0000000700000000, 0x000000070aa80000, 0x00000007aaa80000)
  object space 174592K, 0% used [0x0000000700000000,0x0000000700014010,0x000000070aa80000)
 PSPermGen       total 21504K, used 14914K [0x00000006fae00000, 0x00000006fc300000, 0x0000000700000000)
  object space 21504K, 69% used [0x00000006fae00000,0x00000006fbc90a58,0x00000006fc300000)
GC Heap History (4 events):
Event: 0,933 GC heap before
{Heap before GC invocations=1 (full 0):
 PSYoungGen      total 76800K, used 66048K [0x00000007aaa80000, 0x00000007b0000000, 0x0000000800000000)
  eden space 66048K, 100% used [0x00000007aaa80000,0x00000007aeb00000,0x00000007aeb00000)
  from space 10752K, 0% used [0x00000007af580000,0x00000007af580000,0x00000007b0000000)
  to   space 10752K, 0% used [0x00000007aeb00000,0x00000007aeb00000,0x00000007af580000)
 ParOldGen       total 174592K, used 0K [0x0000000700000000, 0x000000070aa80000, 0x00000007aaa80000)
  object space 174592K, 0% used [0x0000000700000000,0x0000000700000000,0x000000070aa80000)
 PSPermGen       total 21504K, used 11204K [0x00000006fae00000, 0x00000006fc300000, 0x0000000700000000)
  object space 21504K, 52% used [0x00000006fae00000,0x00000006fb8f1208,0x00000006fc300000)
Event: 0,942 GC heap after
Heap after GC invocations=1 (full 0):
 PSYoungGen      total 76800K, used 6989K [0x00000007aaa80000, 0x00000007b0000000, 0x0000000800000000)
  eden space 66048K, 0% used [0x00000007aaa80000,0x00000007aaa80000,0x00000007aeb00000)
  from space 10752K, 65% used [0x00000007aeb00000,0x00000007af1d3528,0x00000007af580000)
  to   space 10752K, 0% used [0x00000007af580000,0x00000007af580000,0x00000007b0000000)
 ParOldGen       total 174592K, used 72K [0x0000000700000000, 0x000000070aa80000, 0x00000007aaa80000)
  object space 174592K, 0% used [0x0000000700000000,0x0000000700012010,0x000000070aa80000)
 PSPermGen       total 21504K, used 11204K [0x00000006fae00000, 0x00000006fc300000, 0x0000000700000000)
  object space 21504K, 52% used [0x00000006fae00000,0x00000006fb8f1208,0x00000006fc300000)
}
Event: 1,667 GC heap before
{Heap before GC invocations=2 (full 0):
 PSYoungGen      total 76800K, used 73037K [0x00000007aaa80000, 0x00000007b0000000, 0x0000000800000000)
  eden space 66048K, 100% used [0x00000007aaa80000,0x00000007aeb00000,0x00000007aeb00000)
  from space 10752K, 65% used [0x00000007aeb00000,0x00000007af1d3528,0x00000007af580000)
  to   space 10752K, 0% used [0x00000007af580000,0x00000007af580000,0x00000007b0000000)
 ParOldGen       total 174592K, used 72K [0x0000000700000000, 0x000000070aa80000, 0x00000007aaa80000)
  object space 174592K, 0% used [0x0000000700000000,0x0000000700012010,0x000000070aa80000)
 PSPermGen       total 21504K, used 14123K [0x00000006fae00000, 0x00000006fc300000, 0x0000000700000000)
  object space 21504K, 65% used [0x00000006fae00000,0x00000006fbbcaf30,0x00000006fc300000)
Event: 1,677 GC heap after
Heap after GC invocations=2 (full 0):
 PSYoungGen      total 76800K, used 8735K [0x00000007aaa80000, 0x00000007b4080000, 0x0000000800000000)
  eden space 66048K, 0% used [0x00000007aaa80000,0x00000007aaa80000,0x00000007aeb00000)
  from space 10752K, 81% used [0x00000007af580000,0x00000007afe07e18,0x00000007b0000000)
  to   space 10752K, 0% used [0x00000007aeb00000,0x00000007aeb00000,0x00000007af580000)
 ParOldGen       total 174592K, used 80K [0x0000000700000000, 0x000000070aa80000, 0x00000007aaa80000)
  object space 174592K, 0% used [0x0000000700000000,0x0000000700014010,0x000000070aa80000)
 PSPermGen       total 21504K, used 14123K [0x00000006fae00000, 0x00000006fc300000, 0x0000000700000000)
  object space 21504K, 65% used [0x00000006fae00000,0x00000006fbbcaf30,0x00000006fc300000)
}

